+r
Starting program: c:\Users\Dell\github-classroom\FPC-advanced\fpc-advanced-classroom-1st-year-assignment-Raghav-rvu-123\set01/./problem04.exe 
[New Thread 18072.0x608]
[New Thread 18072.0xa18]
[Inferior 1 (process 18072) exited normally]
+b 34
Breakpoint 1 at 0x40146e: file c:\Users\Dell\github-classroom\FPC-advanced\fpc-advanced-classroom-1st-year-assignment-Raghav-rvu-123\set01\problem04.c, line 34.
+b 35
Breakpoint 2 at 0x401477: file c:\Users\Dell\github-classroom\FPC-advanced\fpc-advanced-classroom-1st-year-assignment-Raghav-rvu-123\set01\problem04.c, line 35.
+r
Starting program: c:\Users\Dell\github-classroom\FPC-advanced\fpc-advanced-classroom-1st-year-assignment-Raghav-rvu-123\set01/./problem04.exe 
[New Thread 1388.0x40fc]
[New Thread 1388.0x6b8]

Breakpoint 1, main () at c:\Users\Dell\github-classroom\FPC-advanced\fpc-advanced-classroom-1st-year-assignment-Raghav-rvu-123\set01\problem04.c:34
warning: Source file is more recent than executable.
34	    int a=input();
+n

Breakpoint 2, main () at c:\Users\Dell\github-classroom\FPC-advanced\fpc-advanced-classroom-1st-year-assignment-Raghav-rvu-123\set01\problem04.c:35
35	    int b=input();
+p a
$1 = 4
+q
A debugging session is active.

	Inferior 1 [process 1388] will be killed.

Quit anyway? (y or n) error return ../../gdb-7.6.1/gdb/windows-nat.c:1275 was 5
